<?xml version="1.0" encoding="UTF-8"?>
<!-- Generated by org.testng.reporters.JUnitXMLReporter -->
<testsuite hostname="DESKTOP-3JIFKN8" ignored="0" name="Tests" tests="9" failures="0" timestamp="22 三月 2019 10:30:31 GMT" time="2.04" errors="0">
  <testcase name="getTest" time="0.891" classname="WeatherService.ExternalApiController.GfsGlobal"/>
  <testcase name="getTest" time="0.084" classname="WeatherService.ExternalApiController.GfsGlobal"/>
  <testcase name="getTest" time="0.082" classname="WeatherService.ExternalApiController.GfsGlobal"/>
  <testcase name="getTest" time="0.076" classname="WeatherService.ExternalApiController.GfsGlobal"/>
  <testcase name="getTest" time="0.082" classname="WeatherService.ExternalApiController.GfsGlobal"/>
  <testcase name="getTest" time="0.081" classname="WeatherService.ExternalApiController.GfsGlobal"/>
  <testcase name="getTest" time="0.08" classname="WeatherService.ExternalApiController.GfsGlobal"/>
  <testcase name="getTest" time="0.073" classname="WeatherService.ExternalApiController.GfsGlobal"/>
  <testcase name="getTest" time="0.33" classname="WeatherService.ApiController.ApiSource"/>
</testsuite> <!-- Tests -->
