<?xml version="1.0" encoding="UTF-8"?>
<testsuite name="allTestsInAClass"
           tests="8"
           failures="0"
           errors="0"
           skipped="0"
           time="1.181">
  <properties />
  
  
            <testcase name="getTest" time="0.075" classname="WeatherService.ExternalApiController.GfsGlobal" />
                <testcase name="getTest" time="0.082" classname="WeatherService.ExternalApiController.GfsGlobal" />
                <testcase name="getTest" time="0.650" classname="WeatherService.ExternalApiController.GfsGlobal" />
                <testcase name="getTest" time="0.076" classname="WeatherService.ExternalApiController.GfsGlobal" />
                <testcase name="getTest" time="0.078" classname="WeatherService.ExternalApiController.GfsGlobal" />
                <testcase name="getTest" time="0.072" classname="WeatherService.ExternalApiController.GfsGlobal" />
                <testcase name="getTest" time="0.074" classname="WeatherService.ExternalApiController.GfsGlobal" />
                <testcase name="getTest" time="0.074" classname="WeatherService.ExternalApiController.GfsGlobal" />
      
</testsuite>
