<?xml version="1.0" encoding="UTF-8"?>
<!-- Generated by org.testng.reporters.JUnitXMLReporter -->
<testsuite hostname="DESKTOP-3JIFKN8" ignored="0" name="allTestsInAClass" tests="8" failures="0" timestamp="22 三月 2019 09:15:37 GMT" time="1.313" errors="0">
  <testcase name="getTest" time="0.65" classname="WeatherService.ExternalApiController.GfsGlobal"/>
  <testcase name="getTest" time="0.076" classname="WeatherService.ExternalApiController.GfsGlobal"/>
  <testcase name="getTest" time="0.082" classname="WeatherService.ExternalApiController.GfsGlobal"/>
  <testcase name="getTest" time="0.074" classname="WeatherService.ExternalApiController.GfsGlobal"/>
  <testcase name="getTest" time="0.078" classname="WeatherService.ExternalApiController.GfsGlobal"/>
  <testcase name="getTest" time="0.074" classname="WeatherService.ExternalApiController.GfsGlobal"/>
  <testcase name="getTest" time="0.072" classname="WeatherService.ExternalApiController.GfsGlobal"/>
  <testcase name="getTest" time="0.075" classname="WeatherService.ExternalApiController.GfsGlobal"/>
</testsuite> <!-- allTestsInAClass -->
